<?xml version="1.0" encoding="UTF-8"?>
<testng-results skipped="0" failed="0" ignored="0" total="1" passed="1">
  <reporter-output>
  </reporter-output>
  <suite name="Suite" duration-ms="12626" started-at="2021-02-09T18:21:20Z" finished-at="2021-02-09T18:21:33Z">
    <groups>
    </groups>
    <test name="Test" duration-ms="12626" started-at="2021-02-09T18:21:20Z" finished-at="2021-02-09T18:21:33Z">
      <class name="testcases.ClassRegistration">
        <test-method status="PASS" signature="setupTest()[pri:0, instance:testcases.ClassRegistration@3532ec19]" name="setupTest" is-config="true" duration-ms="9325" started-at="2021-02-09T18:21:20Z" finished-at="2021-02-09T18:21:29Z">
          <reporter-output>
          </reporter-output>
        </test-method> <!-- setupTest -->
        <test-method status="PASS" signature="classRegistration()[pri:1, instance:testcases.ClassRegistration@3532ec19]" name="classRegistration" duration-ms="2076" started-at="2021-02-09T18:21:29Z" finished-at="2021-02-09T18:21:32Z">
          <reporter-output>
          </reporter-output>
        </test-method> <!-- classRegistration -->
        <test-method status="PASS" signature="teardown()[pri:0, instance:testcases.ClassRegistration@3532ec19]" name="teardown" is-config="true" duration-ms="1182" started-at="2021-02-09T18:21:32Z" finished-at="2021-02-09T18:21:33Z">
          <reporter-output>
          </reporter-output>
        </test-method> <!-- teardown -->
      </class> <!-- testcases.ClassRegistration -->
    </test> <!-- Test -->
  </suite> <!-- Suite -->
</testng-results>
